2016/01/24 22:36:18 [error] [php] Undefined variable: date (/media/sf_sandbox/credorax/exercise/protected/views/temperature/_ajaxContent.php:7)
Stack trace:
#0 /media/sf_sandbox/credorax/framework/web/CController.php(869): TemperatureController->renderFile()
#1 /media/sf_sandbox/credorax/exercise/protected/controllers/TemperatureController.php(158): TemperatureController->renderPartial()
#2 /media/sf_sandbox/credorax/framework/web/actions/CInlineAction.php(49): TemperatureController->actionGetWeather()
#3 /media/sf_sandbox/credorax/framework/web/CController.php(308): CInlineAction->runWithParams()
#4 /media/sf_sandbox/credorax/framework/web/filters/CFilterChain.php(133): TemperatureController->runAction()
#5 /media/sf_sandbox/credorax/framework/web/filters/CFilter.php(40): CFilterChain->run()
#6 /media/sf_sandbox/credorax/framework/web/CController.php(1145): CAccessControlFilter->filter()
#7 /media/sf_sandbox/credorax/framework/web/filters/CInlineFilter.php(58): TemperatureController->filterAccessControl()
#8 /media/sf_sandbox/credorax/framework/web/filters/CFilterChain.php(130): CInlineFilter->filter()
#9 /media/sf_sandbox/credorax/framework/web/CController.php(291): CFilterChain->run()
#10 /media/sf_sandbox/credorax/framework/web/CController.php(265): TemperatureController->runActionWithFilters()
#11 /media/sf_sandbox/credorax/framework/web/CWebApplication.php(282): TemperatureController->run()
#12 /media/sf_sandbox/credorax/framework/web/CWebApplication.php(141): CWebApplication->runController()
#13 /media/sf_sandbox/credorax/framework/base/CApplication.php(185): CWebApplication->processRequest()
#14 /media/sf_sandbox/credorax/exercise/index.php(13): CWebApplication->run()
REQUEST_URI=/credorax/exercise/index.php?r=temperature/getWeather&_=1453667776479
in /media/sf_sandbox/credorax/exercise/protected/views/temperature/_ajaxContent.php (7)
in /media/sf_sandbox/credorax/exercise/protected/controllers/TemperatureController.php (158)
in /media/sf_sandbox/credorax/exercise/index.php (13)
2016/01/24 22:36:20 [error] [php] Undefined variable: date (/media/sf_sandbox/credorax/exercise/protected/views/temperature/_ajaxContent.php:7)
Stack trace:
#0 /media/sf_sandbox/credorax/framework/web/CController.php(869): TemperatureController->renderFile()
#1 /media/sf_sandbox/credorax/exercise/protected/controllers/TemperatureController.php(158): TemperatureController->renderPartial()
#2 /media/sf_sandbox/credorax/framework/web/actions/CInlineAction.php(49): TemperatureController->actionGetWeather()
#3 /media/sf_sandbox/credorax/framework/web/CController.php(308): CInlineAction->runWithParams()
#4 /media/sf_sandbox/credorax/framework/web/filters/CFilterChain.php(133): TemperatureController->runAction()
#5 /media/sf_sandbox/credorax/framework/web/filters/CFilter.php(40): CFilterChain->run()
#6 /media/sf_sandbox/credorax/framework/web/CController.php(1145): CAccessControlFilter->filter()
#7 /media/sf_sandbox/credorax/framework/web/filters/CInlineFilter.php(58): TemperatureController->filterAccessControl()
#8 /media/sf_sandbox/credorax/framework/web/filters/CFilterChain.php(130): CInlineFilter->filter()
#9 /media/sf_sandbox/credorax/framework/web/CController.php(291): CFilterChain->run()
#10 /media/sf_sandbox/credorax/framework/web/CController.php(265): TemperatureController->runActionWithFilters()
#11 /media/sf_sandbox/credorax/framework/web/CWebApplication.php(282): TemperatureController->run()
#12 /media/sf_sandbox/credorax/framework/web/CWebApplication.php(141): CWebApplication->runController()
#13 /media/sf_sandbox/credorax/framework/base/CApplication.php(185): CWebApplication->processRequest()
#14 /media/sf_sandbox/credorax/exercise/index.php(13): CWebApplication->run()
REQUEST_URI=/credorax/exercise/index.php?r=temperature/getWeather&_=1453667776480
in /media/sf_sandbox/credorax/exercise/protected/views/temperature/_ajaxContent.php (7)
in /media/sf_sandbox/credorax/exercise/protected/controllers/TemperatureController.php (158)
in /media/sf_sandbox/credorax/exercise/index.php (13)
2016/01/24 22:36:20 [error] [php] Undefined variable: date (/media/sf_sandbox/credorax/exercise/protected/views/temperature/_ajaxContent.php:7)
Stack trace:
#0 /media/sf_sandbox/credorax/framework/web/CController.php(869): TemperatureController->renderFile()
#1 /media/sf_sandbox/credorax/exercise/protected/controllers/TemperatureController.php(158): TemperatureController->renderPartial()
#2 /media/sf_sandbox/credorax/framework/web/actions/CInlineAction.php(49): TemperatureController->actionGetWeather()
#3 /media/sf_sandbox/credorax/framework/web/CController.php(308): CInlineAction->runWithParams()
#4 /media/sf_sandbox/credorax/framework/web/filters/CFilterChain.php(133): TemperatureController->runAction()
#5 /media/sf_sandbox/credorax/framework/web/filters/CFilter.php(40): CFilterChain->run()
#6 /media/sf_sandbox/credorax/framework/web/CController.php(1145): CAccessControlFilter->filter()
#7 /media/sf_sandbox/credorax/framework/web/filters/CInlineFilter.php(58): TemperatureController->filterAccessControl()
#8 /media/sf_sandbox/credorax/framework/web/filters/CFilterChain.php(130): CInlineFilter->filter()
#9 /media/sf_sandbox/credorax/framework/web/CController.php(291): CFilterChain->run()
#10 /media/sf_sandbox/credorax/framework/web/CController.php(265): TemperatureController->runActionWithFilters()
#11 /media/sf_sandbox/credorax/framework/web/CWebApplication.php(282): TemperatureController->run()
#12 /media/sf_sandbox/credorax/framework/web/CWebApplication.php(141): CWebApplication->runController()
#13 /media/sf_sandbox/credorax/framework/base/CApplication.php(185): CWebApplication->processRequest()
#14 /media/sf_sandbox/credorax/exercise/index.php(13): CWebApplication->run()
REQUEST_URI=/credorax/exercise/index.php?r=temperature/getWeather&_=1453667776481
in /media/sf_sandbox/credorax/exercise/protected/views/temperature/_ajaxContent.php (7)
in /media/sf_sandbox/credorax/exercise/protected/controllers/TemperatureController.php (158)
in /media/sf_sandbox/credorax/exercise/index.php (13)
2016/01/24 22:36:26 [error] [php] Undefined variable: date (/media/sf_sandbox/credorax/exercise/protected/views/temperature/_ajaxContent.php:7)
Stack trace:
#0 /media/sf_sandbox/credorax/framework/web/CController.php(869): TemperatureController->renderFile()
#1 /media/sf_sandbox/credorax/exercise/protected/controllers/TemperatureController.php(158): TemperatureController->renderPartial()
#2 /media/sf_sandbox/credorax/framework/web/actions/CInlineAction.php(49): TemperatureController->actionGetWeather()
#3 /media/sf_sandbox/credorax/framework/web/CController.php(308): CInlineAction->runWithParams()
#4 /media/sf_sandbox/credorax/framework/web/filters/CFilterChain.php(133): TemperatureController->runAction()
#5 /media/sf_sandbox/credorax/framework/web/filters/CFilter.php(40): CFilterChain->run()
#6 /media/sf_sandbox/credorax/framework/web/CController.php(1145): CAccessControlFilter->filter()
#7 /media/sf_sandbox/credorax/framework/web/filters/CInlineFilter.php(58): TemperatureController->filterAccessControl()
#8 /media/sf_sandbox/credorax/framework/web/filters/CFilterChain.php(130): CInlineFilter->filter()
#9 /media/sf_sandbox/credorax/framework/web/CController.php(291): CFilterChain->run()
#10 /media/sf_sandbox/credorax/framework/web/CController.php(265): TemperatureController->runActionWithFilters()
#11 /media/sf_sandbox/credorax/framework/web/CWebApplication.php(282): TemperatureController->run()
#12 /media/sf_sandbox/credorax/framework/web/CWebApplication.php(141): CWebApplication->runController()
#13 /media/sf_sandbox/credorax/framework/base/CApplication.php(185): CWebApplication->processRequest()
#14 /media/sf_sandbox/credorax/exercise/index.php(13): CWebApplication->run()
REQUEST_URI=/credorax/exercise/index.php?r=temperature/getWeather&_=1453667784432
in /media/sf_sandbox/credorax/exercise/protected/views/temperature/_ajaxContent.php (7)
in /media/sf_sandbox/credorax/exercise/protected/controllers/TemperatureController.php (158)
in /media/sf_sandbox/credorax/exercise/index.php (13)
2016/01/24 22:36:26 [error] [php] Undefined variable: date (/media/sf_sandbox/credorax/exercise/protected/views/temperature/_ajaxContent.php:7)
Stack trace:
#0 /media/sf_sandbox/credorax/framework/web/CController.php(869): TemperatureController->renderFile()
#1 /media/sf_sandbox/credorax/exercise/protected/controllers/TemperatureController.php(158): TemperatureController->renderPartial()
#2 /media/sf_sandbox/credorax/framework/web/actions/CInlineAction.php(49): TemperatureController->actionGetWeather()
#3 /media/sf_sandbox/credorax/framework/web/CController.php(308): CInlineAction->runWithParams()
#4 /media/sf_sandbox/credorax/framework/web/filters/CFilterChain.php(133): TemperatureController->runAction()
#5 /media/sf_sandbox/credorax/framework/web/filters/CFilter.php(40): CFilterChain->run()
#6 /media/sf_sandbox/credorax/framework/web/CController.php(1145): CAccessControlFilter->filter()
#7 /media/sf_sandbox/credorax/framework/web/filters/CInlineFilter.php(58): TemperatureController->filterAccessControl()
#8 /media/sf_sandbox/credorax/framework/web/filters/CFilterChain.php(130): CInlineFilter->filter()
#9 /media/sf_sandbox/credorax/framework/web/CController.php(291): CFilterChain->run()
#10 /media/sf_sandbox/credorax/framework/web/CController.php(265): TemperatureController->runActionWithFilters()
#11 /media/sf_sandbox/credorax/framework/web/CWebApplication.php(282): TemperatureController->run()
#12 /media/sf_sandbox/credorax/framework/web/CWebApplication.php(141): CWebApplication->runController()
#13 /media/sf_sandbox/credorax/framework/base/CApplication.php(185): CWebApplication->processRequest()
#14 /media/sf_sandbox/credorax/exercise/index.php(13): CWebApplication->run()
REQUEST_URI=/credorax/exercise/index.php?r=temperature/getWeather&_=1453667784433
in /media/sf_sandbox/credorax/exercise/protected/views/temperature/_ajaxContent.php (7)
in /media/sf_sandbox/credorax/exercise/protected/controllers/TemperatureController.php (158)
in /media/sf_sandbox/credorax/exercise/index.php (13)
2016/01/24 22:53:18 [error] [exception.CHttpException.404] exception 'CHttpException' with message 'The system is unable to find the requested action "get-weather".' in /media/sf_sandbox/credorax/framework/web/CController.php:483
Stack trace:
#0 /media/sf_sandbox/credorax/framework/web/CController.php(270): CController->missingAction('get-weather')
#1 /media/sf_sandbox/credorax/framework/web/CWebApplication.php(282): CController->run('get-weather')
#2 /media/sf_sandbox/credorax/framework/web/CWebApplication.php(141): CWebApplication->runController('temperature/get...')
#3 /media/sf_sandbox/credorax/framework/base/CApplication.php(185): CWebApplication->processRequest()
#4 /media/sf_sandbox/credorax/exercise/index.php(13): CApplication->run()
#5 {main}
REQUEST_URI=/credorax/exercise/index.php?r=temperature/get-weather
---
2016/01/25 20:50:54 [error] [php] file_get_contents(): php_network_getaddresses: getaddrinfo failed: Name or service not known (/media/sf_sandbox/credorax/exercise/protected/controllers/TemperatureController.php:108)
Stack trace:
#0 /media/sf_sandbox/credorax/framework/web/CController.php(308): CInlineAction->runWithParams()
#1 /media/sf_sandbox/credorax/framework/web/filters/CFilterChain.php(133): TemperatureController->runAction()
#2 /media/sf_sandbox/credorax/framework/web/filters/CFilter.php(40): CFilterChain->run()
#3 /media/sf_sandbox/credorax/framework/web/CController.php(1145): CAccessControlFilter->filter()
#4 /media/sf_sandbox/credorax/framework/web/filters/CInlineFilter.php(58): TemperatureController->filterAccessControl()
#5 /media/sf_sandbox/credorax/framework/web/filters/CFilterChain.php(130): CInlineFilter->filter()
#6 /media/sf_sandbox/credorax/framework/web/CController.php(291): CFilterChain->run()
#7 /media/sf_sandbox/credorax/framework/web/CController.php(265): TemperatureController->runActionWithFilters()
#8 /media/sf_sandbox/credorax/framework/web/CWebApplication.php(282): TemperatureController->run()
#9 /media/sf_sandbox/credorax/framework/web/CWebApplication.php(141): CWebApplication->runController()
#10 /media/sf_sandbox/credorax/framework/base/CApplication.php(185): CWebApplication->processRequest()
#11 /media/sf_sandbox/credorax/exercise/index.php(13): CWebApplication->run()
REQUEST_URI=/credorax/exercise/index.php?r=temperature/getWeather&_=1453747827383
in /media/sf_sandbox/credorax/exercise/protected/controllers/TemperatureController.php (108)
in /media/sf_sandbox/credorax/exercise/index.php (13)
2016/01/25 20:51:14 [error] [php] file_get_contents(): php_network_getaddresses: getaddrinfo failed: Name or service not known (/media/sf_sandbox/credorax/exercise/protected/controllers/TemperatureController.php:108)
Stack trace:
#0 /media/sf_sandbox/credorax/framework/web/CController.php(308): CInlineAction->runWithParams()
#1 /media/sf_sandbox/credorax/framework/web/filters/CFilterChain.php(133): TemperatureController->runAction()
#2 /media/sf_sandbox/credorax/framework/web/filters/CFilter.php(40): CFilterChain->run()
#3 /media/sf_sandbox/credorax/framework/web/CController.php(1145): CAccessControlFilter->filter()
#4 /media/sf_sandbox/credorax/framework/web/filters/CInlineFilter.php(58): TemperatureController->filterAccessControl()
#5 /media/sf_sandbox/credorax/framework/web/filters/CFilterChain.php(130): CInlineFilter->filter()
#6 /media/sf_sandbox/credorax/framework/web/CController.php(291): CFilterChain->run()
#7 /media/sf_sandbox/credorax/framework/web/CController.php(265): TemperatureController->runActionWithFilters()
#8 /media/sf_sandbox/credorax/framework/web/CWebApplication.php(282): TemperatureController->run()
#9 /media/sf_sandbox/credorax/framework/web/CWebApplication.php(141): CWebApplication->runController()
#10 /media/sf_sandbox/credorax/framework/base/CApplication.php(185): CWebApplication->processRequest()
#11 /media/sf_sandbox/credorax/exercise/index.php(13): CWebApplication->run()
REQUEST_URI=/credorax/exercise/index.php?r=temperature/getWeather&_=1453747827384
in /media/sf_sandbox/credorax/exercise/protected/controllers/TemperatureController.php (108)
in /media/sf_sandbox/credorax/exercise/index.php (13)
2016/01/25 20:51:34 [error] [php] file_get_contents(): php_network_getaddresses: getaddrinfo failed: Name or service not known (/media/sf_sandbox/credorax/exercise/protected/controllers/TemperatureController.php:108)
Stack trace:
#0 /media/sf_sandbox/credorax/framework/web/CController.php(308): CInlineAction->runWithParams()
#1 /media/sf_sandbox/credorax/framework/web/filters/CFilterChain.php(133): TemperatureController->runAction()
#2 /media/sf_sandbox/credorax/framework/web/filters/CFilter.php(40): CFilterChain->run()
#3 /media/sf_sandbox/credorax/framework/web/CController.php(1145): CAccessControlFilter->filter()
#4 /media/sf_sandbox/credorax/framework/web/filters/CInlineFilter.php(58): TemperatureController->filterAccessControl()
#5 /media/sf_sandbox/credorax/framework/web/filters/CFilterChain.php(130): CInlineFilter->filter()
#6 /media/sf_sandbox/credorax/framework/web/CController.php(291): CFilterChain->run()
#7 /media/sf_sandbox/credorax/framework/web/CController.php(265): TemperatureController->runActionWithFilters()
#8 /media/sf_sandbox/credorax/framework/web/CWebApplication.php(282): TemperatureController->run()
#9 /media/sf_sandbox/credorax/framework/web/CWebApplication.php(141): CWebApplication->runController()
#10 /media/sf_sandbox/credorax/framework/base/CApplication.php(185): CWebApplication->processRequest()
#11 /media/sf_sandbox/credorax/exercise/index.php(13): CWebApplication->run()
REQUEST_URI=/credorax/exercise/index.php?r=temperature/getWeather&_=1453747827385
in /media/sf_sandbox/credorax/exercise/protected/controllers/TemperatureController.php (108)
in /media/sf_sandbox/credorax/exercise/index.php (13)
2016/01/25 20:51:54 [error] [php] file_get_contents(): php_network_getaddresses: getaddrinfo failed: Name or service not known (/media/sf_sandbox/credorax/exercise/protected/controllers/TemperatureController.php:108)
Stack trace:
#0 /media/sf_sandbox/credorax/framework/web/CController.php(308): CInlineAction->runWithParams()
#1 /media/sf_sandbox/credorax/framework/web/filters/CFilterChain.php(133): TemperatureController->runAction()
#2 /media/sf_sandbox/credorax/framework/web/filters/CFilter.php(40): CFilterChain->run()
#3 /media/sf_sandbox/credorax/framework/web/CController.php(1145): CAccessControlFilter->filter()
#4 /media/sf_sandbox/credorax/framework/web/filters/CInlineFilter.php(58): TemperatureController->filterAccessControl()
#5 /media/sf_sandbox/credorax/framework/web/filters/CFilterChain.php(130): CInlineFilter->filter()
#6 /media/sf_sandbox/credorax/framework/web/CController.php(291): CFilterChain->run()
#7 /media/sf_sandbox/credorax/framework/web/CController.php(265): TemperatureController->runActionWithFilters()
#8 /media/sf_sandbox/credorax/framework/web/CWebApplication.php(282): TemperatureController->run()
#9 /media/sf_sandbox/credorax/framework/web/CWebApplication.php(141): CWebApplication->runController()
#10 /media/sf_sandbox/credorax/framework/base/CApplication.php(185): CWebApplication->processRequest()
#11 /media/sf_sandbox/credorax/exercise/index.php(13): CWebApplication->run()
REQUEST_URI=/credorax/exercise/index.php?r=temperature/getWeather&_=1453747827386
in /media/sf_sandbox/credorax/exercise/protected/controllers/TemperatureController.php (108)
in /media/sf_sandbox/credorax/exercise/index.php (13)
2016/01/25 20:52:17 [error] [php] file_get_contents(): php_network_getaddresses: getaddrinfo failed: Name or service not known (/media/sf_sandbox/credorax/exercise/protected/controllers/TemperatureController.php:108)
Stack trace:
#0 /media/sf_sandbox/credorax/framework/web/CController.php(308): CInlineAction->runWithParams()
#1 /media/sf_sandbox/credorax/framework/web/filters/CFilterChain.php(133): TemperatureController->runAction()
#2 /media/sf_sandbox/credorax/framework/web/filters/CFilter.php(40): CFilterChain->run()
#3 /media/sf_sandbox/credorax/framework/web/CController.php(1145): CAccessControlFilter->filter()
#4 /media/sf_sandbox/credorax/framework/web/filters/CInlineFilter.php(58): TemperatureController->filterAccessControl()
#5 /media/sf_sandbox/credorax/framework/web/filters/CFilterChain.php(130): CInlineFilter->filter()
#6 /media/sf_sandbox/credorax/framework/web/CController.php(291): CFilterChain->run()
#7 /media/sf_sandbox/credorax/framework/web/CController.php(265): TemperatureController->runActionWithFilters()
#8 /media/sf_sandbox/credorax/framework/web/CWebApplication.php(282): TemperatureController->run()
#9 /media/sf_sandbox/credorax/framework/web/CWebApplication.php(141): CWebApplication->runController()
#10 /media/sf_sandbox/credorax/framework/base/CApplication.php(185): CWebApplication->processRequest()
#11 /media/sf_sandbox/credorax/exercise/index.php(13): CWebApplication->run()
REQUEST_URI=/credorax/exercise/index.php?r=temperature/getWeather&_=1453747912487
in /media/sf_sandbox/credorax/exercise/protected/controllers/TemperatureController.php (108)
in /media/sf_sandbox/credorax/exercise/index.php (13)
2016/01/25 20:52:38 [error] [php] file_get_contents(): php_network_getaddresses: getaddrinfo failed: Name or service not known (/media/sf_sandbox/credorax/exercise/protected/controllers/TemperatureController.php:108)
Stack trace:
#0 /media/sf_sandbox/credorax/framework/web/CController.php(308): CInlineAction->runWithParams()
#1 /media/sf_sandbox/credorax/framework/web/filters/CFilterChain.php(133): TemperatureController->runAction()
#2 /media/sf_sandbox/credorax/framework/web/filters/CFilter.php(40): CFilterChain->run()
#3 /media/sf_sandbox/credorax/framework/web/CController.php(1145): CAccessControlFilter->filter()
#4 /media/sf_sandbox/credorax/framework/web/filters/CInlineFilter.php(58): TemperatureController->filterAccessControl()
#5 /media/sf_sandbox/credorax/framework/web/filters/CFilterChain.php(130): CInlineFilter->filter()
#6 /media/sf_sandbox/credorax/framework/web/CController.php(291): CFilterChain->run()
#7 /media/sf_sandbox/credorax/framework/web/CController.php(265): TemperatureController->runActionWithFilters()
#8 /media/sf_sandbox/credorax/framework/web/CWebApplication.php(282): TemperatureController->run()
#9 /media/sf_sandbox/credorax/framework/web/CWebApplication.php(141): CWebApplication->runController()
#10 /media/sf_sandbox/credorax/framework/base/CApplication.php(185): CWebApplication->processRequest()
#11 /media/sf_sandbox/credorax/exercise/index.php(13): CWebApplication->run()
REQUEST_URI=/credorax/exercise/index.php?r=temperature/getWeather&_=1453747912488
in /media/sf_sandbox/credorax/exercise/protected/controllers/TemperatureController.php (108)
in /media/sf_sandbox/credorax/exercise/index.php (13)
2016/01/25 20:52:58 [error] [php] file_get_contents(): php_network_getaddresses: getaddrinfo failed: Name or service not known (/media/sf_sandbox/credorax/exercise/protected/controllers/TemperatureController.php:108)
Stack trace:
#0 /media/sf_sandbox/credorax/framework/web/CController.php(308): CInlineAction->runWithParams()
#1 /media/sf_sandbox/credorax/framework/web/filters/CFilterChain.php(133): TemperatureController->runAction()
#2 /media/sf_sandbox/credorax/framework/web/filters/CFilter.php(40): CFilterChain->run()
#3 /media/sf_sandbox/credorax/framework/web/CController.php(1145): CAccessControlFilter->filter()
#4 /media/sf_sandbox/credorax/framework/web/filters/CInlineFilter.php(58): TemperatureController->filterAccessControl()
#5 /media/sf_sandbox/credorax/framework/web/filters/CFilterChain.php(130): CInlineFilter->filter()
#6 /media/sf_sandbox/credorax/framework/web/CController.php(291): CFilterChain->run()
#7 /media/sf_sandbox/credorax/framework/web/CController.php(265): TemperatureController->runActionWithFilters()
#8 /media/sf_sandbox/credorax/framework/web/CWebApplication.php(282): TemperatureController->run()
#9 /media/sf_sandbox/credorax/framework/web/CWebApplication.php(141): CWebApplication->runController()
#10 /media/sf_sandbox/credorax/framework/base/CApplication.php(185): CWebApplication->processRequest()
#11 /media/sf_sandbox/credorax/exercise/index.php(13): CWebApplication->run()
REQUEST_URI=/credorax/exercise/index.php?r=temperature/getWeather&_=1453747912490
in /media/sf_sandbox/credorax/exercise/protected/controllers/TemperatureController.php (108)
in /media/sf_sandbox/credorax/exercise/index.php (13)
2016/01/25 20:53:18 [error] [php] file_get_contents(): php_network_getaddresses: getaddrinfo failed: Name or service not known (/media/sf_sandbox/credorax/exercise/protected/controllers/TemperatureController.php:108)
Stack trace:
#0 /media/sf_sandbox/credorax/framework/web/CController.php(308): CInlineAction->runWithParams()
#1 /media/sf_sandbox/credorax/framework/web/filters/CFilterChain.php(133): TemperatureController->runAction()
#2 /media/sf_sandbox/credorax/framework/web/filters/CFilter.php(40): CFilterChain->run()
#3 /media/sf_sandbox/credorax/framework/web/CController.php(1145): CAccessControlFilter->filter()
#4 /media/sf_sandbox/credorax/framework/web/filters/CInlineFilter.php(58): TemperatureController->filterAccessControl()
#5 /media/sf_sandbox/credorax/framework/web/filters/CFilterChain.php(130): CInlineFilter->filter()
#6 /media/sf_sandbox/credorax/framework/web/CController.php(291): CFilterChain->run()
#7 /media/sf_sandbox/credorax/framework/web/CController.php(265): TemperatureController->runActionWithFilters()
#8 /media/sf_sandbox/credorax/framework/web/CWebApplication.php(282): TemperatureController->run()
#9 /media/sf_sandbox/credorax/framework/web/CWebApplication.php(141): CWebApplication->runController()
#10 /media/sf_sandbox/credorax/framework/base/CApplication.php(185): CWebApplication->processRequest()
#11 /media/sf_sandbox/credorax/exercise/index.php(13): CWebApplication->run()
REQUEST_URI=/credorax/exercise/index.php?r=temperature/getWeather&_=1453747912491
in /media/sf_sandbox/credorax/exercise/protected/controllers/TemperatureController.php (108)
in /media/sf_sandbox/credorax/exercise/index.php (13)
2016/01/25 20:53:38 [error] [php] file_get_contents(): php_network_getaddresses: getaddrinfo failed: Name or service not known (/media/sf_sandbox/credorax/exercise/protected/controllers/TemperatureController.php:108)
Stack trace:
#0 /media/sf_sandbox/credorax/framework/web/CController.php(308): CInlineAction->runWithParams()
#1 /media/sf_sandbox/credorax/framework/web/filters/CFilterChain.php(133): TemperatureController->runAction()
#2 /media/sf_sandbox/credorax/framework/web/filters/CFilter.php(40): CFilterChain->run()
#3 /media/sf_sandbox/credorax/framework/web/CController.php(1145): CAccessControlFilter->filter()
#4 /media/sf_sandbox/credorax/framework/web/filters/CInlineFilter.php(58): TemperatureController->filterAccessControl()
#5 /media/sf_sandbox/credorax/framework/web/filters/CFilterChain.php(130): CInlineFilter->filter()
#6 /media/sf_sandbox/credorax/framework/web/CController.php(291): CFilterChain->run()
#7 /media/sf_sandbox/credorax/framework/web/CController.php(265): TemperatureController->runActionWithFilters()
#8 /media/sf_sandbox/credorax/framework/web/CWebApplication.php(282): TemperatureController->run()
#9 /media/sf_sandbox/credorax/framework/web/CWebApplication.php(141): CWebApplication->runController()
#10 /media/sf_sandbox/credorax/framework/base/CApplication.php(185): CWebApplication->processRequest()
#11 /media/sf_sandbox/credorax/exercise/index.php(13): CWebApplication->run()
REQUEST_URI=/credorax/exercise/index.php?r=temperature/getWeather&_=1453747912489
in /media/sf_sandbox/credorax/exercise/protected/controllers/TemperatureController.php (108)
in /media/sf_sandbox/credorax/exercise/index.php (13)
2016/02/08 10:00:47 [error] [php] file_get_contents(): php_network_getaddresses: getaddrinfo failed: Name or service not known (/media/sf_sandbox/credorax/exercise/protected/controllers/TemperatureController.php:108)
Stack trace:
#0 /media/sf_sandbox/credorax/framework/web/CController.php(308): CInlineAction->runWithParams()
#1 /media/sf_sandbox/credorax/framework/web/filters/CFilterChain.php(133): TemperatureController->runAction()
#2 /media/sf_sandbox/credorax/framework/web/filters/CFilter.php(40): CFilterChain->run()
#3 /media/sf_sandbox/credorax/framework/web/CController.php(1145): CAccessControlFilter->filter()
#4 /media/sf_sandbox/credorax/framework/web/filters/CInlineFilter.php(58): TemperatureController->filterAccessControl()
#5 /media/sf_sandbox/credorax/framework/web/filters/CFilterChain.php(130): CInlineFilter->filter()
#6 /media/sf_sandbox/credorax/framework/web/CController.php(291): CFilterChain->run()
#7 /media/sf_sandbox/credorax/framework/web/CController.php(265): TemperatureController->runActionWithFilters()
#8 /media/sf_sandbox/credorax/framework/web/CWebApplication.php(282): TemperatureController->run()
#9 /media/sf_sandbox/credorax/framework/web/CWebApplication.php(141): CWebApplication->runController()
#10 /media/sf_sandbox/credorax/framework/base/CApplication.php(185): CWebApplication->processRequest()
#11 /media/sf_sandbox/credorax/exercise/index.php(13): CWebApplication->run()
REQUEST_URI=/credorax/exercise/index.php?r=temperature/getWeather&_=1454918437971
in /media/sf_sandbox/credorax/exercise/protected/controllers/TemperatureController.php (108)
in /media/sf_sandbox/credorax/exercise/index.php (13)
2016/02/08 10:10:22 [error] [php] file_get_contents(): php_network_getaddresses: getaddrinfo failed: Name or service not known (/media/sf_sandbox/credorax/exercise/protected/controllers/TemperatureController.php:108)
Stack trace:
#0 /media/sf_sandbox/credorax/framework/web/CController.php(308): CInlineAction->runWithParams()
#1 /media/sf_sandbox/credorax/framework/web/filters/CFilterChain.php(133): TemperatureController->runAction()
#2 /media/sf_sandbox/credorax/framework/web/filters/CFilter.php(40): CFilterChain->run()
#3 /media/sf_sandbox/credorax/framework/web/CController.php(1145): CAccessControlFilter->filter()
#4 /media/sf_sandbox/credorax/framework/web/filters/CInlineFilter.php(58): TemperatureController->filterAccessControl()
#5 /media/sf_sandbox/credorax/framework/web/filters/CFilterChain.php(130): CInlineFilter->filter()
#6 /media/sf_sandbox/credorax/framework/web/CController.php(291): CFilterChain->run()
#7 /media/sf_sandbox/credorax/framework/web/CController.php(265): TemperatureController->runActionWithFilters()
#8 /media/sf_sandbox/credorax/framework/web/CWebApplication.php(282): TemperatureController->run()
#9 /media/sf_sandbox/credorax/framework/web/CWebApplication.php(141): CWebApplication->runController()
#10 /media/sf_sandbox/credorax/framework/base/CApplication.php(185): CWebApplication->processRequest()
#11 /media/sf_sandbox/credorax/exercise/index.php(13): CWebApplication->run()
REQUEST_URI=/credorax/exercise/index.php?r=temperature/getWeather&_=1454918624783
in /media/sf_sandbox/credorax/exercise/protected/controllers/TemperatureController.php (108)
in /media/sf_sandbox/credorax/exercise/index.php (13)
2016/02/08 10:10:47 [error] [php] file_get_contents(): php_network_getaddresses: getaddrinfo failed: Name or service not known (/media/sf_sandbox/credorax/exercise/protected/controllers/TemperatureController.php:108)
Stack trace:
#0 /media/sf_sandbox/credorax/framework/web/CController.php(308): CInlineAction->runWithParams()
#1 /media/sf_sandbox/credorax/framework/web/filters/CFilterChain.php(133): TemperatureController->runAction()
#2 /media/sf_sandbox/credorax/framework/web/filters/CFilter.php(40): CFilterChain->run()
#3 /media/sf_sandbox/credorax/framework/web/CController.php(1145): CAccessControlFilter->filter()
#4 /media/sf_sandbox/credorax/framework/web/filters/CInlineFilter.php(58): TemperatureController->filterAccessControl()
#5 /media/sf_sandbox/credorax/framework/web/filters/CFilterChain.php(130): CInlineFilter->filter()
#6 /media/sf_sandbox/credorax/framework/web/CController.php(291): CFilterChain->run()
#7 /media/sf_sandbox/credorax/framework/web/CController.php(265): TemperatureController->runActionWithFilters()
#8 /media/sf_sandbox/credorax/framework/web/CWebApplication.php(282): TemperatureController->run()
#9 /media/sf_sandbox/credorax/framework/web/CWebApplication.php(141): CWebApplication->runController()
#10 /media/sf_sandbox/credorax/framework/base/CApplication.php(185): CWebApplication->processRequest()
#11 /media/sf_sandbox/credorax/exercise/index.php(13): CWebApplication->run()
REQUEST_URI=/credorax/exercise/index.php?r=temperature/getWeather&_=1454919012788
in /media/sf_sandbox/credorax/exercise/protected/controllers/TemperatureController.php (108)
in /media/sf_sandbox/credorax/exercise/index.php (13)
2016/02/08 10:11:07 [error] [php] file_get_contents(): php_network_getaddresses: getaddrinfo failed: Name or service not known (/media/sf_sandbox/credorax/exercise/protected/controllers/TemperatureController.php:108)
Stack trace:
#0 /media/sf_sandbox/credorax/framework/web/CController.php(308): CInlineAction->runWithParams()
#1 /media/sf_sandbox/credorax/framework/web/filters/CFilterChain.php(133): TemperatureController->runAction()
#2 /media/sf_sandbox/credorax/framework/web/filters/CFilter.php(40): CFilterChain->run()
#3 /media/sf_sandbox/credorax/framework/web/CController.php(1145): CAccessControlFilter->filter()
#4 /media/sf_sandbox/credorax/framework/web/filters/CInlineFilter.php(58): TemperatureController->filterAccessControl()
#5 /media/sf_sandbox/credorax/framework/web/filters/CFilterChain.php(130): CInlineFilter->filter()
#6 /media/sf_sandbox/credorax/framework/web/CController.php(291): CFilterChain->run()
#7 /media/sf_sandbox/credorax/framework/web/CController.php(265): TemperatureController->runActionWithFilters()
#8 /media/sf_sandbox/credorax/framework/web/CWebApplication.php(282): TemperatureController->run()
#9 /media/sf_sandbox/credorax/framework/web/CWebApplication.php(141): CWebApplication->runController()
#10 /media/sf_sandbox/credorax/framework/base/CApplication.php(185): CWebApplication->processRequest()
#11 /media/sf_sandbox/credorax/exercise/index.php(13): CWebApplication->run()
REQUEST_URI=/credorax/exercise/index.php?r=temperature/getWeather&_=1454919012789
in /media/sf_sandbox/credorax/exercise/protected/controllers/TemperatureController.php (108)
in /media/sf_sandbox/credorax/exercise/index.php (13)
2016/02/08 10:11:32 [error] [php] file_get_contents(): php_network_getaddresses: getaddrinfo failed: Name or service not known (/media/sf_sandbox/credorax/exercise/protected/controllers/TemperatureController.php:108)
Stack trace:
#0 /media/sf_sandbox/credorax/framework/web/CController.php(308): CInlineAction->runWithParams()
#1 /media/sf_sandbox/credorax/framework/web/filters/CFilterChain.php(133): TemperatureController->runAction()
#2 /media/sf_sandbox/credorax/framework/web/filters/CFilter.php(40): CFilterChain->run()
#3 /media/sf_sandbox/credorax/framework/web/CController.php(1145): CAccessControlFilter->filter()
#4 /media/sf_sandbox/credorax/framework/web/filters/CInlineFilter.php(58): TemperatureController->filterAccessControl()
#5 /media/sf_sandbox/credorax/framework/web/filters/CFilterChain.php(130): CInlineFilter->filter()
#6 /media/sf_sandbox/credorax/framework/web/CController.php(291): CFilterChain->run()
#7 /media/sf_sandbox/credorax/framework/web/CController.php(265): TemperatureController->runActionWithFilters()
#8 /media/sf_sandbox/credorax/framework/web/CWebApplication.php(282): TemperatureController->run()
#9 /media/sf_sandbox/credorax/framework/web/CWebApplication.php(141): CWebApplication->runController()
#10 /media/sf_sandbox/credorax/framework/base/CApplication.php(185): CWebApplication->processRequest()
#11 /media/sf_sandbox/credorax/exercise/index.php(13): CWebApplication->run()
REQUEST_URI=/credorax/exercise/index.php?r=temperature/getWeather&_=1454919059707
in /media/sf_sandbox/credorax/exercise/protected/controllers/TemperatureController.php (108)
in /media/sf_sandbox/credorax/exercise/index.php (13)
2016/02/08 10:12:43 [error] [php] file_get_contents(): php_network_getaddresses: getaddrinfo failed: Name or service not known (/media/sf_sandbox/credorax/exercise/protected/controllers/TemperatureController.php:108)
Stack trace:
#0 /media/sf_sandbox/credorax/framework/web/CController.php(308): CInlineAction->runWithParams()
#1 /media/sf_sandbox/credorax/framework/web/filters/CFilterChain.php(133): TemperatureController->runAction()
#2 /media/sf_sandbox/credorax/framework/web/filters/CFilter.php(40): CFilterChain->run()
#3 /media/sf_sandbox/credorax/framework/web/CController.php(1145): CAccessControlFilter->filter()
#4 /media/sf_sandbox/credorax/framework/web/filters/CInlineFilter.php(58): TemperatureController->filterAccessControl()
#5 /media/sf_sandbox/credorax/framework/web/filters/CFilterChain.php(130): CInlineFilter->filter()
#6 /media/sf_sandbox/credorax/framework/web/CController.php(291): CFilterChain->run()
#7 /media/sf_sandbox/credorax/framework/web/CController.php(265): TemperatureController->runActionWithFilters()
#8 /media/sf_sandbox/credorax/framework/web/CWebApplication.php(282): TemperatureController->run()
#9 /media/sf_sandbox/credorax/framework/web/CWebApplication.php(141): CWebApplication->runController()
#10 /media/sf_sandbox/credorax/framework/base/CApplication.php(185): CWebApplication->processRequest()
#11 /media/sf_sandbox/credorax/exercise/index.php(13): CWebApplication->run()
REQUEST_URI=/credorax/exercise/index.php?r=temperature/getWeather&_=1454919129722
in /media/sf_sandbox/credorax/exercise/protected/controllers/TemperatureController.php (108)
in /media/sf_sandbox/credorax/exercise/index.php (13)
